<?xml version="1.0" encoding="UTF-8"?>
<!-- Generated by org.testng.reporters.JUnitReportReporter -->
<testsuite hostname="DESKTOP-J3R40NR" failures="0" tests="1" name="com.cyient.screenShots.ScreenShots" time="75.651" errors="0" timestamp="2021-06-13T17:35:15 IST" skipped="0">
  <testcase classname="com.cyient.screenShots.ScreenShots" name="testScreenShots" time="75.651"/>
  <system-out/>
</testsuite> <!-- com.cyient.screenShots.ScreenShots -->
