<?xml version="1.0" encoding="UTF-8"?>
<!-- Generated by org.testng.reporters.JUnitReportReporter -->
<testsuite hostname="DESKTOP-J3R40NR" failures="0" tests="1" name="com.cyient.test.TrackOrderTest" time="104.263" errors="0" timestamp="2021-06-13T11:55:35 IST" skipped="0">
  <testcase classname="com.cyient.test.TrackOrderTest" name="trackOrder" time="104.263"/>
  <system-out/>
</testsuite> <!-- com.cyient.test.TrackOrderTest -->
