<?xml version="1.0" encoding="UTF-8"?>
<!-- Generated by org.testng.reporters.JUnitReportReporter -->
<testsuite hostname="DESKTOP-J3R40NR" failures="0" tests="1" name="com.cyient.test.ContactUsTest" time="790.089" errors="0" timestamp="2021-06-13T12:58:17 IST" skipped="0">
  <testcase classname="com.cyient.test.ContactUsTest" name="contactUs" time="790.089"/>
  <system-out/>
</testsuite> <!-- com.cyient.test.ContactUsTest -->
