<?xml version="1.0" encoding="UTF-8"?>
<!-- Generated by org.testng.reporters.JUnitReportReporter -->
<testsuite hostname="DESKTOP-J3R40NR" failures="0" tests="1" name="com.cyient.test.AddToCartTest" time="184.003" errors="0" timestamp="2021-06-13T10:57:24 IST" skipped="0">
  <testcase classname="com.cyient.test.AddToCartTest" name="addToCart" time="184.003"/>
  <system-out/>
</testsuite> <!-- com.cyient.test.AddToCartTest -->
